Arguments: 
  /usr/bin/node /usr/bin/yarn init --y

PATH: 
  /home/jonathanlmd/.zinit/polaris/sbin:/home/jonathanlmd/.zinit/polaris/bin:/home/jonathanlmd/.zinit/polaris/usr/sbin:/home/jonathanlmd/.zinit/polaris/usr/bin:/usr/local/bin:/usr/bin:/bin:/usr/local/sbin:/opt/android-sdk/tools:/opt/android-sdk/tools/bin:/usr/lib/jvm/default/bin:/usr/bin/site_perl:/usr/bin/vendor_perl:/usr/bin/core_perl:/opt/android-sdk/tools:/opt/android-sdk/tools/bin:/usr/lib/jvm/default/bin:/usr/bin/site_perl:/usr/bin/vendor_perl:/usr/bin/core_perl:/opt/android-sdk/tools:/opt/android-sdk/tools/bin:/usr/lib/jvm/default/bin:/usr/bin/site_perl:/usr/bin/vendor_perl:/usr/bin/core_perl:/opt/android-sdk/tools:/opt/android-sdk/platform-tools:/opt/android-sdk/tools/bin:/opt/android-sdk/emulator:/opt/android-sdk/tools:/opt/android-sdk/platform-tools:/opt/android-sdk/tools/bin:/opt/android-sdk/emulator

Yarn version: 
  1.22.4

Node version: 
  14.7.0

Platform: 
  linux x64

Trace: 
  Error: canceled
      at Interface.<anonymous> (/usr/lib/node_modules/yarn/lib/cli.js:137008:13)
      at Interface.emit (events.js:314:20)
      at Interface._ttyWrite (readline.js:875:16)
      at ReadStream.onkeypress (readline.js:213:10)
      at ReadStream.emit (events.js:314:20)
      at emitKeys (internal/readline/utils.js:335:14)
      at emitKeys.next (<anonymous>)
      at ReadStream.onData (readline.js:1144:36)
      at ReadStream.emit (events.js:314:20)
      at addChunk (_stream_readable.js:303:12)

npm manifest: 
  No manifest

yarn manifest: 
  No manifest

Lockfile: 
  No lockfile
